[debug] [2022-03-24T07:44:37.358Z] ----------------------------------------------------------------------
[debug] [2022-03-24T07:44:37.359Z] Command:       /Users/rofixyz/.nvm/versions/node/v14.17.2/bin/node /Users/rofixyz/.nvm/versions/node/v14.17.2/bin/firebase init
[debug] [2022-03-24T07:44:37.360Z] CLI Version:   10.1.5
[debug] [2022-03-24T07:44:37.360Z] Platform:      darwin
[debug] [2022-03-24T07:44:37.360Z] Node Version:  v14.17.2
[debug] [2022-03-24T07:44:37.361Z] Time:          Thu Mar 24 2022 13:29:37 GMT+0545 (Nepal Time)
[debug] [2022-03-24T07:44:37.361Z] ----------------------------------------------------------------------
[debug] 
[debug] [2022-03-24T07:44:37.365Z] >>> [apiv2][query] GET https://firebase-public.firebaseio.com/cli.json [none]
[debug] [2022-03-24T07:44:37.381Z] > command requires scopes: ["email","openid","https://www.googleapis.com/auth/cloudplatformprojects.readonly","https://www.googleapis.com/auth/firebase","https://www.googleapis.com/auth/cloud-platform"]
[debug] [2022-03-24T07:44:37.381Z] > authorizing via signed-in user (laxman.rai.07.26@gmail.com)
[info] 
     ######## #### ########  ######## ########     ###     ######  ########
     ##        ##  ##     ## ##       ##     ##  ##   ##  ##       ##
     ######    ##  ########  ######   ########  #########  ######  ######
     ##        ##  ##    ##  ##       ##     ## ##     ##       ## ##
     ##       #### ##     ## ######## ########  ##     ##  ######  ########

You're about to initialize a Firebase project in this directory:

  /Users/rofixyz/Documents/tbs

[debug] [2022-03-24T07:44:38.665Z] <<< [apiv2][status] GET https://firebase-public.firebaseio.com/cli.json 200
[debug] [2022-03-24T07:44:38.666Z] <<< [apiv2][body] GET https://firebase-public.firebaseio.com/cli.json {"cloudBuildErrorAfter":1594252800000,"cloudBuildWarnAfter":1590019200000,"defaultNode10After":1594252800000,"minVersion":"3.0.5","node8DeploysDisabledAfter":1613390400000,"node8RuntimeDisabledAfter":1615809600000,"node8WarnAfter":1600128000000}
[info] 
=== Project Setup
[info] 
[info] First, let's associate this project directory with a Firebase project.
[info] You can create multiple project aliases by running firebase use --add, 
[info] but for now we'll just set up a default project.
[info] 
[debug] [2022-03-24T07:44:46.959Z] > refreshing access token with scopes: []
[debug] [2022-03-24T07:44:46.961Z] >>> HTTP REQUEST POST https://www.googleapis.com/oauth2/v3/token  
 <request body omitted>
[debug] [2022-03-24T07:44:47.367Z] <<< HTTP RESPONSE 200 {"expires":"Mon, 01 Jan 1990 00:00:00 GMT","cache-control":"no-cache, no-store, max-age=0, must-revalidate","date":"Thu, 24 Mar 2022 07:44:47 GMT","pragma":"no-cache","content-type":"application/json; charset=utf-8","vary":"X-Origin, Referer, Origin,Accept-Encoding","server":"scaffolding on HTTPServer2","x-xss-protection":"0","x-frame-options":"SAMEORIGIN","x-content-type-options":"nosniff","alt-svc":"h3=\":443\"; ma=2592000,h3-29=\":443\"; ma=2592000,h3-Q050=\":443\"; ma=2592000,h3-Q046=\":443\"; ma=2592000,h3-Q043=\":443\"; ma=2592000,quic=\":443\"; ma=2592000; v=\"46,43\"","accept-ranges":"none","transfer-encoding":"chunked"}
[debug] [2022-03-24T07:44:47.420Z] >>> [apiv2][query] GET https://firebase.googleapis.com/v1beta1/projects pageSize=100
[debug] [2022-03-24T07:44:48.289Z] <<< [apiv2][status] GET https://firebase.googleapis.com/v1beta1/projects 200
[debug] [2022-03-24T07:44:48.289Z] <<< [apiv2][body] GET https://firebase.googleapis.com/v1beta1/projects [omitted]
[info] i  Using project tbsmain (TBS Main) 
[info] 
=== Hosting Setup
[info] 
[info] Your public directory is the folder (relative to your project directory) that
[info] will contain Hosting assets to be uploaded with firebase deploy. If you
[info] have a build process for your assets, use your build's output directory.
[info] 
[debug] [2022-03-24T07:44:59.356Z] >>> [apiv2][query] GET https://www.gstatic.com/firebasejs/releases.json [none]
[debug] [2022-03-24T07:44:59.598Z] <<< [apiv2][status] GET https://www.gstatic.com/firebasejs/releases.json 200
[debug] [2022-03-24T07:44:59.598Z] <<< [apiv2][body] GET https://www.gstatic.com/firebasejs/releases.json {"current":{"version":"9.6.9","browserURL":"https://www.gstatic.com/firebasejs/9.6.9/firebase.js","packageURL":"https://www.gstatic.com/firebasejs/9.6.9/firebase.tgz"},"live":{"version":"9.6","browserURL":"https://www.gstatic.com/firebasejs/live/9.6/firebase.js","packageURL":"https://www.gstatic.com/firebasejs/live/9.6/firebase.tgz"},"components":{"analytics":"https://www.gstatic.com/firebasejs/9.6.9/firebase-analytics.js","app":"https://www.gstatic.com/firebasejs/9.6.9/firebase-app.js","app-check":"https://www.gstatic.com/firebasejs/9.6.9/firebase-app-check.js","auth":"https://www.gstatic.com/firebasejs/9.6.9/firebase-auth.js","auth/cordova":"https://www.gstatic.com/firebasejs/9.6.9/firebase-auth/cordova.js","auth/react-native":"https://www.gstatic.com/firebasejs/9.6.9/firebase-auth/react-native.js","functions":"https://www.gstatic.com/firebasejs/9.6.9/firebase-functions.js","firestore":"https://www.gstatic.com/firebasejs/9.6.9/firebase-firestore.js","firestore/lite":"https://www.gstatic.com/firebasejs/9.6.9/firebase-firestore/lite.js","storage":"https://www.gstatic.com/firebasejs/9.6.9/firebase-storage.js","performance":"https://www.gstatic.com/firebasejs/9.6.9/firebase-performance.js","remote-config":"https://www.gstatic.com/firebasejs/9.6.9/firebase-remote-config.js","messaging":"https://www.gstatic.com/firebasejs/9.6.9/firebase-messaging.js","messaging/sw":"https://www.gstatic.com/firebasejs/9.6.9/firebase-messaging/sw.js","database":"https://www.gstatic.com/firebasejs/9.6.9/firebase-database.js","firestore.memory":"https://www.gstatic.com/firebasejs/9.6.9/firebase-firestore.memory.js"}}
[info] ✔  Wrote build/index.html 
[info] 
[info] i  Detected a .git folder at /Users/rofixyz/Documents/tbs 
[info] i  Authorizing with GitHub to upload your service account to a GitHub repository's secrets store. 
[info] 
[info] Visit this URL on this device to log in:
[info] https://github.com/login/oauth/authorize?client_id=89cf50f02ac6aaed3484&state=599745658&redirect_uri=http%3A%2F%2Flocalhost%3A9005&scope=read%3Auser%20repo%20public_repo
[info] 
[info] Waiting for authentication...
[debug] [2022-03-24T07:45:01.288Z] >>> HTTP REQUEST POST https://github.com/login/oauth/access_token  
 {"client_id":"89cf50f02ac6aaed3484","client_secret":"3330d14abc895d9a74d5f17cd7a00711fa2c5bf0","code":"02f1f327d81922431e6b","redirect_uri":"http://localhost:9005","state":"599745658"}
[debug] [2022-03-24T07:45:02.102Z] <<< HTTP RESPONSE 200 {"server":"GitHub.com","date":"Thu, 24 Mar 2022 07:45:01 GMT","content-type":"application/json; charset=utf-8","transfer-encoding":"chunked","vary":"X-PJAX, X-PJAX-Container, Accept-Encoding, Accept, X-Requested-With","permissions-policy":"interest-cohort=()","etag":"W/\"fe95538907bdb5e6f4daa88a931de6db\"","cache-control":"max-age=0, private, must-revalidate","strict-transport-security":"max-age=31536000; includeSubdomains; preload","x-frame-options":"deny","x-content-type-options":"nosniff","x-xss-protection":"0","referrer-policy":"origin-when-cross-origin, strict-origin-when-cross-origin","expect-ct":"max-age=2592000, report-uri=\"https://api.github.com/_private/browser/errors\"","content-security-policy":"default-src 'none'; base-uri 'self'; block-all-mixed-content; child-src github.com/assets-cdn/worker/ gist.github.com/assets-cdn/worker/; connect-src 'self' uploads.github.com objects-origin.githubusercontent.com www.githubstatus.com collector.githubapp.com collector.github.com api.github.com github-cloud.s3.amazonaws.com github-production-repository-file-5c1aeb.s3.amazonaws.com github-production-upload-manifest-file-7fdce7.s3.amazonaws.com github-production-user-asset-6210df.s3.amazonaws.com cdn.optimizely.com logx.optimizely.com/v1/events translator.github.com wss://alive.github.com; font-src github.githubassets.com; form-action 'self' github.com gist.github.com objects-origin.githubusercontent.com; frame-ancestors 'none'; frame-src render.githubusercontent.com viewscreen.githubusercontent.com notebooks.githubusercontent.com; img-src 'self' data: github.githubassets.com identicons.github.com collector.githubapp.com collector.github.com github-cloud.s3.amazonaws.com secured-user-images.githubusercontent.com/ *.githubusercontent.com; manifest-src 'self'; media-src github.com user-images.githubusercontent.com/; script-src github.githubassets.com; style-src 'unsafe-inline' github.githubassets.com; worker-src github.com/assets-cdn/worker/ gist.github.com/assets-cdn/worker/","x-github-request-id":"F1A9:6F68:579E3:9EC4A:623C217D"}
[debug] [2022-03-24T07:45:02.108Z] >>> [apiv2][query] GET https://api.github.com/user [none]
[debug] [2022-03-24T07:45:02.822Z] <<< [apiv2][status] GET https://api.github.com/user 200
[debug] [2022-03-24T07:45:02.823Z] <<< [apiv2][body] GET https://api.github.com/user {"login":"lex-world","id":93716126,"node_id":"U_kgDOBZX-ng","avatar_url":"https://avatars.githubusercontent.com/u/93716126?v=4","gravatar_id":"","url":"https://api.github.com/users/lex-world","html_url":"https://github.com/lex-world","followers_url":"https://api.github.com/users/lex-world/followers","following_url":"https://api.github.com/users/lex-world/following{/other_user}","gists_url":"https://api.github.com/users/lex-world/gists{/gist_id}","starred_url":"https://api.github.com/users/lex-world/starred{/owner}{/repo}","subscriptions_url":"https://api.github.com/users/lex-world/subscriptions","organizations_url":"https://api.github.com/users/lex-world/orgs","repos_url":"https://api.github.com/users/lex-world/repos","events_url":"https://api.github.com/users/lex-world/events{/privacy}","received_events_url":"https://api.github.com/users/lex-world/received_events","type":"User","site_admin":false,"name":"Laxman Rai","company":"@MeroBhav @deekshyaaaaa ","blog":"https://www.instagram.com/himitsu.fushigi_/","location":"Kathmandu, Nepal","email":"lex.world@protonmail.com","hireable":true,"bio":"Blockchain, Web Full Stack Dev currently working on @MeroBhav, @Deekshyaaaaa but I can join ya 😎","twitter_username":"lexworld_","public_repos":55,"public_gists":9,"followers":8,"following":3,"created_at":"2021-11-04T12:40:17Z","updated_at":"2022-03-23T06:03:24Z","private_gists":0,"total_private_repos":6,"owned_private_repos":6,"disk_usage":170276,"collaborators":1,"two_factor_authentication":false,"plan":{"name":"free","space":976562499,"collaborators":0,"private_repos":10000}}
[info] 
[info] ✔  Success! Logged into GitHub as lex-world 
[info] 
